[debug] [2018-03-29T11:17:49.772Z] ----------------------------------------------------------------------
[debug] [2018-03-29T11:17:49.776Z] Command:       /usr/bin/node /home/sarath/.npm-global/bin/firebase serve
[debug] [2018-03-29T11:17:49.777Z] CLI Version:   3.17.7
[debug] [2018-03-29T11:17:49.777Z] Platform:      linux
[debug] [2018-03-29T11:17:49.777Z] Node Version:  v6.12.0
[debug] [2018-03-29T11:17:49.777Z] Time:          Thu Mar 29 2018 16:47:49 GMT+0530 (IST)
[debug] [2018-03-29T11:17:49.777Z] ----------------------------------------------------------------------
[debug] 
[debug] [2018-03-29T11:17:49.790Z] > command requires scopes: ["email","openid","https://www.googleapis.com/auth/cloudplatformprojects.readonly","https://www.googleapis.com/auth/firebase","https://www.googleapis.com/auth/cloud-platform"]
[debug] [2018-03-29T11:17:49.790Z] > authorizing via signed-in user
[debug] [2018-03-29T11:17:49.793Z] >>> HTTP REQUEST GET https://admin.firebase.com/v1/projects/portfolio-aafaque  
  
 Thu Mar 29 2018 16:47:49 GMT+0530 (IST)
[debug] [2018-03-29T11:17:51.521Z] <<< HTTP RESPONSE 200
[debug] [2018-03-29T11:17:51.523Z] >>> HTTP REQUEST GET https://admin.firebase.com/v1/database/portfolio-aafaque/tokens  
  
 Thu Mar 29 2018 16:47:51 GMT+0530 (IST)
[debug] [2018-03-29T11:17:53.027Z] <<< HTTP RESPONSE 200
[debug] [2018-03-29T11:17:53.028Z] >>> HTTP REQUEST GET https://cloudresourcemanager.googleapis.com/v1/projects/portfolio-aafaque  
  
 Thu Mar 29 2018 16:47:53 GMT+0530 (IST)
[debug] [2018-03-29T11:17:54.951Z] <<< HTTP RESPONSE 200
[info] 
[info] === Serving from '/home/sarath'...
[info] 
[debug] [2018-03-29T11:17:54.955Z] >>> HTTP REQUEST GET https://mobilesdk-pa.googleapis.com/v1/projects/637605776930/clients/_:getWebAppConfig  
  
 Thu Mar 29 2018 16:47:54 GMT+0530 (IST)
[debug] [2018-03-29T11:17:55.911Z] <<< HTTP RESPONSE 200
[warn] ⚠  hosting: Port 5000 is not available. Trying another port...
[debug] [2018-03-29T11:17:55.932Z] >>> HTTP REQUEST GET https://mobilesdk-pa.googleapis.com/v1/projects/637605776930/clients/_:getWebAppConfig  
  
 Thu Mar 29 2018 16:47:55 GMT+0530 (IST)
[debug] [2018-03-29T11:17:56.988Z] <<< HTTP RESPONSE 200
[info] i  hosting: Serving hosting files from: Project-aafaque
[info] ✔  hosting: Local server: http://localhost:5004

